{"C:\\Users\\82710\\Desktop\\WORK\\myNPM\\check-sign-fbmc\\src\\main.ts": {"path":"C:\\Users\\82710\\Desktop\\WORK\\myNPM\\check-sign-fbmc\\src\\main.ts","statementMap":{"0":{"start":{"line":1,"column":0},"end":{"line":1,"column":62}},"1":{"start":{"line":7,"column":0},"end":{"line":7,"column":null}},"2":{"start":{"line":14,"column":2},"end":{"line":14,"column":23}},"3":{"start":{"line":15,"column":2},"end":{"line":15,"column":43}},"4":{"start":{"line":16,"column":2},"end":{"line":16,"column":41}},"5":{"start":{"line":17,"column":2},"end":{"line":17,"column":56}},"6":{"start":{"line":17,"column":30},"end":{"line":17,"column":56}},"7":{"start":{"line":21,"column":9},"end":{"line":32,"column":null}},"8":{"start":{"line":23,"column":20},"end":{"line":23,"column":25}},"9":{"start":{"line":25,"column":15},"end":{"line":25,"column":49}},"10":{"start":{"line":27,"column":2},"end":{"line":27,"column":23}},"11":{"start":{"line":29,"column":17},"end":{"line":29,"column":35}},"12":{"start":{"line":30,"column":2},"end":{"line":30,"column":67}},"13":{"start":{"line":30,"column":18},"end":{"line":30,"column":67}},"14":{"start":{"line":31,"column":2},"end":{"line":31,"column":16}},"15":{"start":{"line":35,"column":9},"end":{"line":45,"column":null}},"16":{"start":{"line":37,"column":20},"end":{"line":37,"column":32}},"17":{"start":{"line":39,"column":15},"end":{"line":39,"column":36}},"18":{"start":{"line":41,"column":2},"end":{"line":41,"column":23}},"19":{"start":{"line":43,"column":14},"end":{"line":43,"column":56}},"20":{"start":{"line":44,"column":2},"end":{"line":44,"column":13}},"21":{"start":{"line":48,"column":8},"end":{"line":68,"column":null}},"22":{"start":{"line":50,"column":25},"end":{"line":50,"column":38}},"23":{"start":{"line":52,"column":2},"end":{"line":52,"column":23}},"24":{"start":{"line":53,"column":29},"end":{"line":53,"column":37}},"25":{"start":{"line":55,"column":33},"end":{"line":55,"column":67}},"26":{"start":{"line":57,"column":25},"end":{"line":57,"column":64}},"27":{"start":{"line":59,"column":20},"end":{"line":59,"column":32}},"28":{"start":{"line":61,"column":17},"end":{"line":61,"column":40}},"29":{"start":{"line":63,"column":2},"end":{"line":63,"column":32}},"30":{"start":{"line":65,"column":17},"end":{"line":65,"column":78}},"31":{"start":{"line":66,"column":2},"end":{"line":66,"column":49}},"32":{"start":{"line":66,"column":18},"end":{"line":66,"column":49}},"33":{"start":{"line":67,"column":2},"end":{"line":67,"column":16}},"34":{"start":{"line":71,"column":8},"end":{"line":81,"column":null}},"35":{"start":{"line":73,"column":26},"end":{"line":73,"column":49}},"36":{"start":{"line":75,"column":21},"end":{"line":75,"column":53}},"37":{"start":{"line":77,"column":26},"end":{"line":77,"column":60}},"38":{"start":{"line":79,"column":2},"end":{"line":79,"column":33}},"39":{"start":{"line":80,"column":2},"end":{"line":80,"column":17}},"40":{"start":{"line":82,"column":0},"end":{"line":82,"column":null}},"41":{"start":{"line":163,"column":1},"end":{"line":163,"column":20}},"42":{"start":{"line":84,"column":0},"end":{"line":84,"column":null}},"43":{"start":{"line":91,"column":2},"end":{"line":91,"column":23}},"44":{"start":{"line":92,"column":2},"end":{"line":92,"column":43}},"45":{"start":{"line":93,"column":2},"end":{"line":93,"column":41}},"46":{"start":{"line":94,"column":2},"end":{"line":94,"column":56}},"47":{"start":{"line":94,"column":30},"end":{"line":94,"column":56}},"48":{"start":{"line":98,"column":9},"end":{"line":109,"column":null}},"49":{"start":{"line":100,"column":20},"end":{"line":100,"column":25}},"50":{"start":{"line":102,"column":15},"end":{"line":102,"column":49}},"51":{"start":{"line":104,"column":2},"end":{"line":104,"column":23}},"52":{"start":{"line":106,"column":17},"end":{"line":106,"column":35}},"53":{"start":{"line":107,"column":2},"end":{"line":107,"column":67}},"54":{"start":{"line":107,"column":18},"end":{"line":107,"column":67}},"55":{"start":{"line":108,"column":2},"end":{"line":108,"column":16}},"56":{"start":{"line":112,"column":9},"end":{"line":122,"column":null}},"57":{"start":{"line":114,"column":20},"end":{"line":114,"column":32}},"58":{"start":{"line":116,"column":15},"end":{"line":116,"column":36}},"59":{"start":{"line":118,"column":2},"end":{"line":118,"column":23}},"60":{"start":{"line":120,"column":14},"end":{"line":120,"column":56}},"61":{"start":{"line":121,"column":2},"end":{"line":121,"column":13}},"62":{"start":{"line":125,"column":8},"end":{"line":146,"column":null}},"63":{"start":{"line":126,"column":2},"end":{"line":126,"column":63}},"64":{"start":{"line":126,"column":21},"end":{"line":126,"column":63}},"65":{"start":{"line":128,"column":25},"end":{"line":128,"column":37}},"66":{"start":{"line":130,"column":2},"end":{"line":130,"column":22}},"67":{"start":{"line":131,"column":29},"end":{"line":131,"column":36}},"68":{"start":{"line":133,"column":33},"end":{"line":133,"column":67}},"69":{"start":{"line":135,"column":25},"end":{"line":135,"column":64}},"70":{"start":{"line":137,"column":20},"end":{"line":137,"column":32}},"71":{"start":{"line":139,"column":17},"end":{"line":139,"column":40}},"72":{"start":{"line":141,"column":2},"end":{"line":141,"column":32}},"73":{"start":{"line":143,"column":17},"end":{"line":143,"column":78}},"74":{"start":{"line":144,"column":2},"end":{"line":144,"column":49}},"75":{"start":{"line":144,"column":18},"end":{"line":144,"column":49}},"76":{"start":{"line":145,"column":2},"end":{"line":145,"column":16}},"77":{"start":{"line":149,"column":8},"end":{"line":159,"column":null}},"78":{"start":{"line":151,"column":27},"end":{"line":151,"column":51}},"79":{"start":{"line":153,"column":21},"end":{"line":153,"column":54}},"80":{"start":{"line":155,"column":26},"end":{"line":155,"column":60}},"81":{"start":{"line":157,"column":2},"end":{"line":157,"column":34}},"82":{"start":{"line":158,"column":2},"end":{"line":158,"column":18}},"83":{"start":{"line":160,"column":0},"end":{"line":160,"column":null}},"84":{"start":{"line":164,"column":1},"end":{"line":164,"column":20}}},"fnMap":{"0":{"name":"(anonymous_0)","decl":{"start":{"line":7,"column":0},"end":{"line":7,"column":null}},"loc":{"start":{"line":7,"column":0},"end":{"line":82,"column":null}}},"1":{"name":"CheckSignFbmcClient","decl":{"start":{"line":13,"column":1},"end":{"line":13,"column":13}},"loc":{"start":{"line":13,"column":95},"end":{"line":18,"column":2}}},"2":{"name":"(anonymous_2)","decl":{"start":{"line":21,"column":1},"end":{"line":21,"column":9}},"loc":{"start":{"line":21,"column":27},"end":{"line":32,"column":2}}},"3":{"name":"(anonymous_3)","decl":{"start":{"line":35,"column":1},"end":{"line":35,"column":9}},"loc":{"start":{"line":35,"column":34},"end":{"line":45,"column":2}}},"4":{"name":"(anonymous_4)","decl":{"start":{"line":48,"column":1},"end":{"line":48,"column":8}},"loc":{"start":{"line":48,"column":26},"end":{"line":68,"column":2}}},"5":{"name":"(anonymous_5)","decl":{"start":{"line":71,"column":1},"end":{"line":71,"column":8}},"loc":{"start":{"line":71,"column":32},"end":{"line":81,"column":2}}},"6":{"name":"(anonymous_6)","decl":{"start":{"line":84,"column":0},"end":{"line":84,"column":null}},"loc":{"start":{"line":84,"column":0},"end":{"line":160,"column":null}}},"7":{"name":"CheckSignFbmcServer","decl":{"start":{"line":90,"column":1},"end":{"line":90,"column":13}},"loc":{"start":{"line":90,"column":95},"end":{"line":95,"column":2}}},"8":{"name":"(anonymous_8)","decl":{"start":{"line":98,"column":1},"end":{"line":98,"column":9}},"loc":{"start":{"line":98,"column":27},"end":{"line":109,"column":2}}},"9":{"name":"(anonymous_9)","decl":{"start":{"line":112,"column":1},"end":{"line":112,"column":9}},"loc":{"start":{"line":112,"column":34},"end":{"line":122,"column":2}}},"10":{"name":"(anonymous_10)","decl":{"start":{"line":125,"column":1},"end":{"line":125,"column":8}},"loc":{"start":{"line":125,"column":25},"end":{"line":146,"column":2}}},"11":{"name":"(anonymous_11)","decl":{"start":{"line":149,"column":1},"end":{"line":149,"column":8}},"loc":{"start":{"line":149,"column":34},"end":{"line":159,"column":2}}}},"branchMap":{"0":{"loc":{"start":{"line":17,"column":2},"end":{"line":17,"column":56}},"type":"if","locations":[{"start":{"line":17,"column":2},"end":{"line":17,"column":56}},{"start":{"line":17,"column":2},"end":{"line":17,"column":56}}]},"1":{"loc":{"start":{"line":17,"column":6},"end":{"line":17,"column":12}},"type":"binary-expr","locations":[{"start":{"line":17,"column":6},"end":{"line":17,"column":12}},{"start":{"line":17,"column":16},"end":{"line":17,"column":28}}]},"2":{"loc":{"start":{"line":30,"column":2},"end":{"line":30,"column":67}},"type":"if","locations":[{"start":{"line":30,"column":2},"end":{"line":30,"column":67}},{"start":{"line":30,"column":2},"end":{"line":30,"column":67}}]},"3":{"loc":{"start":{"line":66,"column":2},"end":{"line":66,"column":49}},"type":"if","locations":[{"start":{"line":66,"column":2},"end":{"line":66,"column":49}},{"start":{"line":66,"column":2},"end":{"line":66,"column":49}}]},"4":{"loc":{"start":{"line":94,"column":2},"end":{"line":94,"column":56}},"type":"if","locations":[{"start":{"line":94,"column":2},"end":{"line":94,"column":56}},{"start":{"line":94,"column":2},"end":{"line":94,"column":56}}]},"5":{"loc":{"start":{"line":94,"column":6},"end":{"line":94,"column":12}},"type":"binary-expr","locations":[{"start":{"line":94,"column":6},"end":{"line":94,"column":12}},{"start":{"line":94,"column":16},"end":{"line":94,"column":28}}]},"6":{"loc":{"start":{"line":107,"column":2},"end":{"line":107,"column":67}},"type":"if","locations":[{"start":{"line":107,"column":2},"end":{"line":107,"column":67}},{"start":{"line":107,"column":2},"end":{"line":107,"column":67}}]},"7":{"loc":{"start":{"line":126,"column":2},"end":{"line":126,"column":63}},"type":"if","locations":[{"start":{"line":126,"column":2},"end":{"line":126,"column":63}},{"start":{"line":126,"column":2},"end":{"line":126,"column":63}}]},"8":{"loc":{"start":{"line":144,"column":2},"end":{"line":144,"column":49}},"type":"if","locations":[{"start":{"line":144,"column":2},"end":{"line":144,"column":49}},{"start":{"line":144,"column":2},"end":{"line":144,"column":49}}]}},"s":{"0":1,"1":1,"2":1,"3":1,"4":1,"5":1,"6":1,"7":1,"8":2,"9":2,"10":2,"11":2,"12":2,"13":2,"14":2,"15":1,"16":1,"17":1,"18":1,"19":1,"20":1,"21":1,"22":1,"23":1,"24":1,"25":1,"26":1,"27":1,"28":1,"29":1,"30":1,"31":1,"32":1,"33":1,"34":1,"35":1,"36":1,"37":1,"38":1,"39":1,"40":1,"41":1,"42":1,"43":1,"44":1,"45":1,"46":1,"47":1,"48":1,"49":2,"50":2,"51":2,"52":2,"53":2,"54":2,"55":2,"56":1,"57":1,"58":1,"59":1,"60":1,"61":1,"62":1,"63":1,"64":0,"65":1,"66":1,"67":1,"68":1,"69":1,"70":1,"71":1,"72":1,"73":1,"74":1,"75":1,"76":1,"77":1,"78":1,"79":1,"80":1,"81":1,"82":1,"83":1,"84":1},"f":{"0":1,"1":1,"2":2,"3":1,"4":1,"5":1,"6":1,"7":1,"8":2,"9":1,"10":1,"11":1},"b":{"0":[1,0],"1":[1,1],"2":[2,0],"3":[1,0],"4":[1,0],"5":[1,1],"6":[2,0],"7":[0,1],"8":[1,0]}}
}
