TN:
SF:src\main.ts
FN:7,(anonymous_0)
FN:13,CheckSignFbmcClient
FN:21,(anonymous_2)
FN:35,(anonymous_3)
FN:48,(anonymous_4)
FN:71,(anonymous_5)
FN:84,(anonymous_6)
FN:90,CheckSignFbmcServer
FN:98,(anonymous_8)
FN:112,(anonymous_9)
FN:125,(anonymous_10)
FN:149,(anonymous_11)
FNF:12
FNH:12
FNDA:1,(anonymous_0)
FNDA:1,CheckSignFbmcClient
FNDA:2,(anonymous_2)
FNDA:1,(anonymous_3)
FNDA:1,(anonymous_4)
FNDA:1,(anonymous_5)
FNDA:1,(anonymous_6)
FNDA:1,CheckSignFbmcServer
FNDA:2,(anonymous_8)
FNDA:1,(anonymous_9)
FNDA:1,(anonymous_10)
FNDA:1,(anonymous_11)
DA:1,1
DA:7,1
DA:14,1
DA:15,1
DA:16,1
DA:17,1
DA:21,1
DA:23,2
DA:25,2
DA:27,2
DA:29,2
DA:30,2
DA:31,2
DA:35,1
DA:37,1
DA:39,1
DA:41,1
DA:43,1
DA:44,1
DA:48,1
DA:50,1
DA:52,1
DA:53,1
DA:55,1
DA:57,1
DA:59,1
DA:61,1
DA:63,1
DA:65,1
DA:66,1
DA:67,1
DA:71,1
DA:73,1
DA:75,1
DA:77,1
DA:79,1
DA:80,1
DA:82,1
DA:84,1
DA:91,1
DA:92,1
DA:93,1
DA:94,1
DA:98,1
DA:100,2
DA:102,2
DA:104,2
DA:106,2
DA:107,2
DA:108,2
DA:112,1
DA:114,1
DA:116,1
DA:118,1
DA:120,1
DA:121,1
DA:125,1
DA:126,1
DA:128,1
DA:130,1
DA:131,1
DA:133,1
DA:135,1
DA:137,1
DA:139,1
DA:141,1
DA:143,1
DA:144,1
DA:145,1
DA:149,1
DA:151,1
DA:153,1
DA:155,1
DA:157,1
DA:158,1
DA:160,1
DA:163,1
DA:164,1
LF:78
LH:78
BRDA:17,0,0,1
BRDA:17,0,1,0
BRDA:17,1,0,1
BRDA:17,1,1,1
BRDA:30,2,0,2
BRDA:30,2,1,0
BRDA:66,3,0,1
BRDA:66,3,1,0
BRDA:94,4,0,1
BRDA:94,4,1,0
BRDA:94,5,0,1
BRDA:94,5,1,1
BRDA:107,6,0,2
BRDA:107,6,1,0
BRDA:126,7,0,0
BRDA:126,7,1,1
BRDA:144,8,0,1
BRDA:144,8,1,0
BRF:18
BRH:11
end_of_record
